[2016-04-05 20:10:00,266 INFO] - org.eclipse.om2m.datamapping.jaxb.Activator 
Starting Data Mapper
[2016-04-05 20:10:00,267 INFO] - org.eclipse.om2m.datamapping.jaxb.Activator 
Registering XML Mapper Service..
[2016-04-05 20:10:01,094 INFO] - org.eclipse.om2m.datamapping.jaxb.Activator 
XML Mapper service registered.
[2016-04-05 20:10:01,096 INFO] - org.eclipse.om2m.binding.http.Activator 
Register HTTP RestClientService..
[2016-04-05 20:10:01,101 INFO] - org.eclipse.om2m.binding.http.Activator 
HTTP RestClientService is registered.
[2016-04-05 20:10:01,103 INFO] - org.eclipse.om2m.persistence.eclipselink.Activator 
Starting Persistence JPA plugin...
[2016-04-05 20:10:01,104 INFO] - org.eclipse.om2m.persistence.eclipselink.internal.DBServiceJPAImpl 
Initializing Database...
[2016-04-05 20:10:01,104 INFO] - org.eclipse.om2m.persistence.eclipselink.internal.DBServiceJPAImpl 
Creating new EntityManagerFactory...
[2016-04-05 20:10:01,935 INFO] - org.eclipse.om2m.persistence.eclipselink.internal.DBServiceJPAImpl 
DataBase initialized.
[2016-04-05 20:10:01,957 INFO] - org.eclipse.om2m.persistence.eclipselink.Activator 
Registering Database (JPA-EL) Service
[2016-04-05 20:10:01,959 INFO] - org.eclipse.om2m.binding.http.Activator 
HttpService discovered
[2016-04-05 20:10:01,959 INFO] - org.eclipse.om2m.binding.http.Activator 
Register / context
[2016-04-05 20:10:02,016 INFO] - org.eclipse.om2m.core.Activator 
Starting CSE...
[2016-04-05 20:10:02,017 INFO] - org.eclipse.om2m.core.Activator 
DataMapper Service discovered
[2016-04-05 20:10:02,017 INFO] - org.eclipse.om2m.core.Activator 
Add Data Mapper Service: application/xml
[2016-04-05 20:10:02,017 INFO] - org.eclipse.om2m.core.Activator 
DataBase persistence service discovered
[2016-04-05 20:10:02,018 INFO] - org.eclipse.om2m.core.Activator 
Rest client service discovered
[2016-04-05 20:10:02,020 INFO] - org.eclipse.om2m.core.CSEInitializer 
Waiting for the database service
[2016-04-05 20:10:02,021 INFO] - org.eclipse.om2m.core.CSEInitializer 
Create AccessControlPolicy resource
[2016-04-05 20:10:02,076 INFO] - org.eclipse.om2m.core.CSEInitializer 
Create CSEBase resource
[2016-04-05 20:10:02,098 INFO] - org.eclipse.om2m.core.CSEInitializer 
Register CSE to another CSE.
[2016-04-05 20:10:02,098 INFO] - org.eclipse.om2m.core.Activator 
Registering CseService...
[2016-04-05 20:10:02,106 INFO] - org.eclipse.om2m.binding.http.Activator 
CseService discovered
[2016-04-05 20:10:02,107 INFO] - org.eclipse.om2m.core.Activator 
CSE Started
[2016-04-05 20:10:02,108 INFO] - org.eclipse.om2m.webapp.resourcesbrowser.xml.Activator 
HttpService discovered
[2016-04-05 20:10:02,110 INFO] - org.eclipse.om2m.webapp.resourcesbrowser.xml.Activator 
Register /webpage http context
[2016-04-05 20:10:02,124 INFO] - org.eclipse.om2m.core.comm.RestClient 
the requestIndication RC: RequestPrimitive [operation=1,
 to=http://127.0.0.1:8080/~/in-cse,
 from=admin:admin,
 requestIdentifier=001,
 resourceType=16,
 name=mn-cse,
 content=<?xml version="1.0" encoding="UTF-8"?>
<m2m:csr xmlns:m2m="http://www.onem2m.org/xml/protocols">
   <poa>http://127.0.0.1:8282/</poa>
   <cb>//om2m.org/mn-cse</cb>
   <csi>/mn-cse</csi>
   <rr>true</rr>
</m2m:csr>
,
 requestContentType=application/xml]
[2016-04-05 20:10:02,125 INFO] - org.eclipse.om2m.binding.http.RestHttpClient 
Sending request: RequestPrimitive [operation=1,
 to=http://127.0.0.1:8080/~/in-cse,
 from=admin:admin,
 requestIdentifier=001,
 resourceType=16,
 name=mn-cse,
 content=<?xml version="1.0" encoding="UTF-8"?>
<m2m:csr xmlns:m2m="http://www.onem2m.org/xml/protocols">
   <poa>http://127.0.0.1:8282/</poa>
   <cb>//om2m.org/mn-cse</cb>
   <csi>/mn-cse</csi>
   <rr>true</rr>
</m2m:csr>
,
 requestContentType=application/xml]
[2016-04-05 20:10:02,262 INFO] - org.eclipse.om2m.binding.http.RestHttpClient 
Request to be send: POST http://127.0.0.1:8080/~/in-cse HTTP/1.1
[2016-04-05 20:10:02,262 INFO] - org.eclipse.om2m.binding.http.RestHttpClient 
Headers:
Accept: 
X-M2M-RI: 001
X-M2M-Origin: admin:admin
Content-Type: application/xml;ty=16
X-M2M-NM: mn-cse

[2016-04-05 20:10:02,428 INFO] - org.eclipse.om2m.binding.http.RestHttpClient 
Http Client response: ResponsePrimitive [responseStatusCode=2001,
 requestIdentifier=001,
 content=<?xml version="1.0" encoding="UTF-8"?>
<m2m:csr xmlns:m2m="http://www.onem2m.org/xml/protocols" rn="mn-cse">
   <ty>16</ty>
   <ri>csr-141046826</ri>
   <pi>/in-cse</pi>
   <ct>20160405T201002</ct>
   <lt>20160405T201002</lt>
   <acpi>/in-cse/acp-121168016</acpi>
   <poa>http://127.0.0.1:8282/</poa>
   <cb>//om2m.org/mn-cse</cb>
   <csi>/mn-cse</csi>
   <rr>true</rr>
</m2m:csr>

,
 to=admin:admin,
 from=/mn-cse,
 location=/in-cse/csr-141046826,
 ]
[2016-04-05 20:10:02,428 INFO] - org.eclipse.om2m.core.comm.RestClient 
ResponsePrimitive [responseStatusCode=2001,
 requestIdentifier=001,
 content=<?xml version="1.0" encoding="UTF-8"?>
<m2m:csr xmlns:m2m="http://www.onem2m.org/xml/protocols" rn="mn-cse">
   <ty>16</ty>
   <ri>csr-141046826</ri>
   <pi>/in-cse</pi>
   <ct>20160405T201002</ct>
   <lt>20160405T201002</lt>
   <acpi>/in-cse/acp-121168016</acpi>
   <poa>http://127.0.0.1:8282/</poa>
   <cb>//om2m.org/mn-cse</cb>
   <csi>/mn-cse</csi>
   <rr>true</rr>
</m2m:csr>

,
 to=admin:admin,
 from=/mn-cse,
 location=/in-cse/csr-141046826,
 ]
[2016-04-05 20:10:02,429 INFO] - org.eclipse.om2m.core.CSEInitializer 
response after registration: ResponsePrimitive [responseStatusCode=2001,
 requestIdentifier=001,
 content=<?xml version="1.0" encoding="UTF-8"?>
<m2m:csr xmlns:m2m="http://www.onem2m.org/xml/protocols" rn="mn-cse">
   <ty>16</ty>
   <ri>csr-141046826</ri>
   <pi>/in-cse</pi>
   <ct>20160405T201002</ct>
   <lt>20160405T201002</lt>
   <acpi>/in-cse/acp-121168016</acpi>
   <poa>http://127.0.0.1:8282/</poa>
   <cb>//om2m.org/mn-cse</cb>
   <csi>/mn-cse</csi>
   <rr>true</rr>
</m2m:csr>

,
 to=admin:admin,
 from=/mn-cse,
 location=/in-cse/csr-141046826,
 ]
[2016-04-05 20:10:02,429 INFO] - org.eclipse.om2m.core.CSEInitializer 
Successfully registered to in-cse
[2016-04-05 20:11:40,788 INFO] - org.eclipse.om2m.ipe.sample.Activator 
Register IpeService..
[2016-04-05 20:11:40,793 INFO] - org.eclipse.om2m.core.Activator 
IPE service discovered: sample
[2016-04-05 20:11:40,793 INFO] - org.eclipse.om2m.ipe.sample.Activator 
IpeService is registered.
[2016-04-05 20:11:40,794 INFO] - org.eclipse.om2m.ipe.sample.Activator 
CseService discovered
[2016-04-05 20:11:40,809 INFO] - org.eclipse.om2m.core.router.Router 
Received request in Router: RequestPrimitive [operation=1,
 from=admin:admin,
 resourceType=2,
 name=LAMP_0,
 content=org.eclipse.om2m.commons.resource.AE@77c1fb85,
 targetId=/mn-cse,
 returnContentType=application/obj,
 requestContentType=application/obj]
[2016-04-05 20:11:40,813 INFO] - org.eclipse.om2m.core.router.Router 
ResourceController [AEController]
[2016-04-05 20:11:40,865 INFO] - org.eclipse.om2m.core.router.Router 
Response in Router= ResponsePrimitive [responseStatusCode=2001,
 content=org.eclipse.om2m.commons.resource.AE@537487e9,
 to=admin:admin,
 from=/mn-cse,
 location=/mn-cse/ae-CAE159773508,
 ]
[2016-04-05 20:11:40,865 INFO] - org.eclipse.om2m.core.router.Router 
Received request in Router: RequestPrimitive [operation=1,
 from=admin:admin,
 resourceType=3,
 name=DESCRIPTOR,
 content=org.eclipse.om2m.commons.resource.Container@6bec4a7e,
 targetId=/mn-cse/ae-CAE159773508,
 returnContentType=application/obj,
 requestContentType=application/obj]
[2016-04-05 20:11:40,865 INFO] - org.eclipse.om2m.core.router.Router 
ResourceController [ContainerController]
[2016-04-05 20:11:40,874 INFO] - org.eclipse.om2m.core.router.Router 
Response in Router= ResponsePrimitive [responseStatusCode=2001,
 content=org.eclipse.om2m.commons.resource.Container@762acc64,
 to=admin:admin,
 from=/mn-cse,
 location=/mn-cse/cnt-343883093,
 ]
[2016-04-05 20:11:40,874 INFO] - org.eclipse.om2m.ipe.sample.controller.LifeCycleManager 
ResponsePrimitive [responseStatusCode=2001,
 content=org.eclipse.om2m.commons.resource.Container@762acc64,
 to=admin:admin,
 from=/mn-cse,
 location=/mn-cse/cnt-343883093,
 ]
[2016-04-05 20:11:40,874 INFO] - org.eclipse.om2m.core.router.Router 
Received request in Router: RequestPrimitive [operation=1,
 from=admin:admin,
 resourceType=3,
 name=DATA,
 content=org.eclipse.om2m.commons.resource.Container@6bec4a7e,
 targetId=/mn-cse/ae-CAE159773508,
 returnContentType=application/obj,
 requestContentType=application/obj]
[2016-04-05 20:11:40,875 INFO] - org.eclipse.om2m.core.router.Router 
ResourceController [ContainerController]
[2016-04-05 20:11:40,882 INFO] - org.eclipse.om2m.core.router.Router 
Response in Router= ResponsePrimitive [responseStatusCode=2001,
 content=org.eclipse.om2m.commons.resource.Container@73a3b8d9,
 to=admin:admin,
 from=/mn-cse,
 location=/mn-cse/cnt-529375602,
 ]
[2016-04-05 20:11:40,882 INFO] - org.eclipse.om2m.ipe.sample.controller.LifeCycleManager 
ResponsePrimitive [responseStatusCode=2001,
 content=org.eclipse.om2m.commons.resource.Container@73a3b8d9,
 to=admin:admin,
 from=/mn-cse,
 location=/mn-cse/cnt-529375602,
 ]
[2016-04-05 20:11:41,079 INFO] - org.eclipse.om2m.core.router.Router 
Received request in Router: RequestPrimitive [operation=1,
 from=admin:admin,
 resourceType=4,
 content=org.eclipse.om2m.commons.resource.ContentInstance@12ec0095,
 targetId=/mn-cse/mn-name/LAMP_0/DESCRIPTOR,
 returnContentType=application/obj,
 requestContentType=application/obj]
[2016-04-05 20:11:41,080 INFO] - org.eclipse.om2m.core.router.Router 
ResourceController [ContentInstanceController]
[2016-04-05 20:11:41,087 INFO] - org.eclipse.om2m.core.router.Router 
Response in Router= ResponsePrimitive [responseStatusCode=2001,
 content=org.eclipse.om2m.commons.resource.ContentInstance@26d5612e,
 to=admin:admin,
 from=/mn-cse,
 location=/mn-cse/cin-208218583,
 ]
[2016-04-05 20:11:41,087 INFO] - org.eclipse.om2m.core.router.Router 
Received request in Router: RequestPrimitive [operation=1,
 from=admin:admin,
 resourceType=4,
 content=org.eclipse.om2m.commons.resource.ContentInstance@12ec0095,
 targetId=/mn-cse/mn-name/LAMP_0/DATA,
 returnContentType=application/obj,
 requestContentType=application/obj]
[2016-04-05 20:11:41,087 INFO] - org.eclipse.om2m.core.router.Router 
ResourceController [ContentInstanceController]
[2016-04-05 20:11:41,108 INFO] - org.eclipse.om2m.core.router.Router 
Response in Router= ResponsePrimitive [responseStatusCode=2001,
 content=org.eclipse.om2m.commons.resource.ContentInstance@4a417ebf,
 to=admin:admin,
 from=/mn-cse,
 location=/mn-cse/cin-732651585,
 ]
[2016-04-05 20:11:41,108 INFO] - org.eclipse.om2m.core.router.Router 
Received request in Router: RequestPrimitive [operation=1,
 from=admin:admin,
 resourceType=2,
 name=LAMP_1,
 content=org.eclipse.om2m.commons.resource.AE@37e1418f,
 targetId=/mn-cse,
 returnContentType=application/obj,
 requestContentType=application/obj]
[2016-04-05 20:11:41,108 INFO] - org.eclipse.om2m.core.router.Router 
ResourceController [AEController]
[2016-04-05 20:11:41,132 INFO] - org.eclipse.om2m.core.router.Router 
Response in Router= ResponsePrimitive [responseStatusCode=2001,
 content=org.eclipse.om2m.commons.resource.AE@25a39137,
 to=admin:admin,
 from=/mn-cse,
 location=/mn-cse/ae-CAE361154452,
 ]
[2016-04-05 20:11:41,133 INFO] - org.eclipse.om2m.core.router.Router 
Received request in Router: RequestPrimitive [operation=1,
 from=admin:admin,
 resourceType=3,
 name=DESCRIPTOR,
 content=org.eclipse.om2m.commons.resource.Container@7d8c3185,
 targetId=/mn-cse/ae-CAE361154452,
 returnContentType=application/obj,
 requestContentType=application/obj]
[2016-04-05 20:11:41,133 INFO] - org.eclipse.om2m.core.router.Router 
ResourceController [ContainerController]
[2016-04-05 20:11:41,141 INFO] - org.eclipse.om2m.core.router.Router 
Response in Router= ResponsePrimitive [responseStatusCode=2001,
 content=org.eclipse.om2m.commons.resource.Container@561b1abd,
 to=admin:admin,
 from=/mn-cse,
 location=/mn-cse/cnt-257246039,
 ]
[2016-04-05 20:11:41,141 INFO] - org.eclipse.om2m.ipe.sample.controller.LifeCycleManager 
ResponsePrimitive [responseStatusCode=2001,
 content=org.eclipse.om2m.commons.resource.Container@561b1abd,
 to=admin:admin,
 from=/mn-cse,
 location=/mn-cse/cnt-257246039,
 ]
[2016-04-05 20:11:41,141 INFO] - org.eclipse.om2m.core.router.Router 
Received request in Router: RequestPrimitive [operation=1,
 from=admin:admin,
 resourceType=3,
 name=DATA,
 content=org.eclipse.om2m.commons.resource.Container@7d8c3185,
 targetId=/mn-cse/ae-CAE361154452,
 returnContentType=application/obj,
 requestContentType=application/obj]
[2016-04-05 20:11:41,141 INFO] - org.eclipse.om2m.core.router.Router 
ResourceController [ContainerController]
[2016-04-05 20:11:41,147 INFO] - org.eclipse.om2m.core.router.Router 
Response in Router= ResponsePrimitive [responseStatusCode=2001,
 content=org.eclipse.om2m.commons.resource.Container@2afe506a,
 to=admin:admin,
 from=/mn-cse,
 location=/mn-cse/cnt-12790902,
 ]
[2016-04-05 20:11:41,147 INFO] - org.eclipse.om2m.ipe.sample.controller.LifeCycleManager 
ResponsePrimitive [responseStatusCode=2001,
 content=org.eclipse.om2m.commons.resource.Container@2afe506a,
 to=admin:admin,
 from=/mn-cse,
 location=/mn-cse/cnt-12790902,
 ]
[2016-04-05 20:11:41,148 INFO] - org.eclipse.om2m.core.router.Router 
Received request in Router: RequestPrimitive [operation=1,
 from=admin:admin,
 resourceType=4,
 content=org.eclipse.om2m.commons.resource.ContentInstance@4982bad8,
 targetId=/mn-cse/mn-name/LAMP_1/DESCRIPTOR,
 returnContentType=application/obj,
 requestContentType=application/obj]
[2016-04-05 20:11:41,148 INFO] - org.eclipse.om2m.core.router.Router 
ResourceController [ContentInstanceController]
[2016-04-05 20:11:41,152 INFO] - org.eclipse.om2m.core.router.Router 
Response in Router= ResponsePrimitive [responseStatusCode=2001,
 content=org.eclipse.om2m.commons.resource.ContentInstance@1c349190,
 to=admin:admin,
 from=/mn-cse,
 location=/mn-cse/cin-800023362,
 ]
[2016-04-05 20:11:41,153 INFO] - org.eclipse.om2m.core.router.Router 
Received request in Router: RequestPrimitive [operation=1,
 from=admin:admin,
 resourceType=4,
 content=org.eclipse.om2m.commons.resource.ContentInstance@4982bad8,
 targetId=/mn-cse/mn-name/LAMP_1/DATA,
 returnContentType=application/obj,
 requestContentType=application/obj]
[2016-04-05 20:11:41,153 INFO] - org.eclipse.om2m.core.router.Router 
ResourceController [ContentInstanceController]
[2016-04-05 20:11:41,163 INFO] - org.eclipse.om2m.core.router.Router 
Response in Router= ResponsePrimitive [responseStatusCode=2001,
 content=org.eclipse.om2m.commons.resource.ContentInstance@5daeb12a,
 to=admin:admin,
 from=/mn-cse,
 location=/mn-cse/cin-259878534,
 ]
[2016-04-05 20:11:41,164 INFO] - org.eclipse.om2m.core.router.Router 
Received request in Router: RequestPrimitive [operation=1,
 from=admin:admin,
 resourceType=2,
 name=LAMP_ALL,
 content=org.eclipse.om2m.commons.resource.AE@55dddaed,
 targetId=/mn-cse,
 returnContentType=application/obj,
 requestContentType=application/obj]
[2016-04-05 20:11:41,164 INFO] - org.eclipse.om2m.core.router.Router 
ResourceController [AEController]
[2016-04-05 20:11:41,184 INFO] - org.eclipse.om2m.core.router.Router 
Response in Router= ResponsePrimitive [responseStatusCode=2001,
 content=org.eclipse.om2m.commons.resource.AE@11b6860f,
 to=admin:admin,
 from=/mn-cse,
 location=/mn-cse/ae-CAE210425718,
 ]
[2016-04-05 20:11:41,184 INFO] - org.eclipse.om2m.core.router.Router 
Received request in Router: RequestPrimitive [operation=1,
 from=admin:admin,
 resourceType=3,
 name=DESCRIPTOR,
 content=org.eclipse.om2m.commons.resource.Container@665d2953,
 targetId=/mn-cse/mn-name/LAMP_ALL,
 returnContentType=application/obj,
 requestContentType=application/obj]
[2016-04-05 20:11:41,185 INFO] - org.eclipse.om2m.core.router.Router 
ResourceController [ContainerController]
[2016-04-05 20:11:41,192 INFO] - org.eclipse.om2m.core.router.Router 
Response in Router= ResponsePrimitive [responseStatusCode=2001,
 content=org.eclipse.om2m.commons.resource.Container@1d8fca8a,
 to=admin:admin,
 from=/mn-cse,
 location=/mn-cse/cnt-53906733,
 ]
[2016-04-05 20:11:41,192 INFO] - org.eclipse.om2m.core.router.Router 
Received request in Router: RequestPrimitive [operation=1,
 from=admin:admin,
 resourceType=4,
 content=org.eclipse.om2m.commons.resource.ContentInstance@72628aa7,
 targetId=/mn-cse/mn-name/LAMP_ALL/DESCRIPTOR,
 returnContentType=application/obj,
 requestContentType=application/obj]
[2016-04-05 20:11:41,193 INFO] - org.eclipse.om2m.core.router.Router 
ResourceController [ContentInstanceController]
[2016-04-05 20:11:41,197 INFO] - org.eclipse.om2m.core.router.Router 
Response in Router= ResponsePrimitive [responseStatusCode=2001,
 content=org.eclipse.om2m.commons.resource.ContentInstance@116177cf,
 to=admin:admin,
 from=/mn-cse,
 location=/mn-cse/cin-9691191,
 ]
[2016-04-05 20:11:46,585 INFO] - org.eclipse.om2m.core.router.Router 
Received request in Router: RequestPrimitive [operation=1,
 from=admin:admin,
 resourceType=4,
 content=org.eclipse.om2m.commons.resource.ContentInstance@1d14a212,
 targetId=/mn-cse/mn-name/LAMP_0/DATA,
 returnContentType=application/obj,
 requestContentType=application/obj]
[2016-04-05 20:11:46,587 INFO] - org.eclipse.om2m.core.router.Router 
ResourceController [ContentInstanceController]
[2016-04-05 20:11:46,608 INFO] - org.eclipse.om2m.core.router.Router 
Response in Router= ResponsePrimitive [responseStatusCode=2001,
 content=org.eclipse.om2m.commons.resource.ContentInstance@115a3ca0,
 to=admin:admin,
 from=/mn-cse,
 location=/mn-cse/cin-403332891,
 ]
[2016-04-05 20:11:47,495 INFO] - org.eclipse.om2m.core.router.Router 
Received request in Router: RequestPrimitive [operation=1,
 from=admin:admin,
 resourceType=4,
 content=org.eclipse.om2m.commons.resource.ContentInstance@7c59c4ce,
 targetId=/mn-cse/mn-name/LAMP_0/DATA,
 returnContentType=application/obj,
 requestContentType=application/obj]
[2016-04-05 20:11:47,497 INFO] - org.eclipse.om2m.core.router.Router 
ResourceController [ContentInstanceController]
[2016-04-05 20:11:47,558 INFO] - org.eclipse.om2m.core.router.Router 
Response in Router= ResponsePrimitive [responseStatusCode=2001,
 content=org.eclipse.om2m.commons.resource.ContentInstance@69a85b60,
 to=admin:admin,
 from=/mn-cse,
 location=/mn-cse/cin-108012300,
 ]
[2016-04-05 20:11:48,269 INFO] - org.eclipse.om2m.core.router.Router 
Received request in Router: RequestPrimitive [operation=1,
 from=admin:admin,
 resourceType=4,
 content=org.eclipse.om2m.commons.resource.ContentInstance@397bcf8c,
 targetId=/mn-cse/mn-name/LAMP_1/DATA,
 returnContentType=application/obj,
 requestContentType=application/obj]
[2016-04-05 20:11:48,272 INFO] - org.eclipse.om2m.core.router.Router 
ResourceController [ContentInstanceController]
[2016-04-05 20:11:48,323 INFO] - org.eclipse.om2m.core.router.Router 
Response in Router= ResponsePrimitive [responseStatusCode=2001,
 content=org.eclipse.om2m.commons.resource.ContentInstance@5fda2544,
 to=admin:admin,
 from=/mn-cse,
 location=/mn-cse/cin-813841957,
 ]
[2016-04-05 20:11:48,863 INFO] - org.eclipse.om2m.core.router.Router 
Received request in Router: RequestPrimitive [operation=1,
 from=admin:admin,
 resourceType=4,
 content=org.eclipse.om2m.commons.resource.ContentInstance@3d97e8c3,
 targetId=/mn-cse/mn-name/LAMP_1/DATA,
 returnContentType=application/obj,
 requestContentType=application/obj]
[2016-04-05 20:11:48,866 INFO] - org.eclipse.om2m.core.router.Router 
ResourceController [ContentInstanceController]
[2016-04-05 20:11:48,918 INFO] - org.eclipse.om2m.core.router.Router 
Response in Router= ResponsePrimitive [responseStatusCode=2001,
 content=org.eclipse.om2m.commons.resource.ContentInstance@17d9873d,
 to=admin:admin,
 from=/mn-cse,
 location=/mn-cse/cin-721495721,
 ]
[2016-04-05 20:11:50,037 INFO] - org.eclipse.om2m.core.router.Router 
Received request in Router: RequestPrimitive [operation=1,
 from=admin:admin,
 resourceType=4,
 content=org.eclipse.om2m.commons.resource.ContentInstance@57c71619,
 targetId=/mn-cse/mn-name/LAMP_0/DATA,
 returnContentType=application/obj,
 requestContentType=application/obj]
[2016-04-05 20:11:50,039 INFO] - org.eclipse.om2m.core.router.Router 
ResourceController [ContentInstanceController]
[2016-04-05 20:11:50,068 INFO] - org.eclipse.om2m.core.router.Router 
Response in Router= ResponsePrimitive [responseStatusCode=2001,
 content=org.eclipse.om2m.commons.resource.ContentInstance@4d47c445,
 to=admin:admin,
 from=/mn-cse,
 location=/mn-cse/cin-162508294,
 ]
[2016-04-05 20:11:50,075 INFO] - org.eclipse.om2m.core.router.Router 
Received request in Router: RequestPrimitive [operation=1,
 from=admin:admin,
 resourceType=4,
 content=org.eclipse.om2m.commons.resource.ContentInstance@34f2bde0,
 targetId=/mn-cse/mn-name/LAMP_1/DATA,
 returnContentType=application/obj,
 requestContentType=application/obj]
[2016-04-05 20:11:50,076 INFO] - org.eclipse.om2m.core.router.Router 
ResourceController [ContentInstanceController]
[2016-04-05 20:11:50,088 INFO] - org.eclipse.om2m.core.router.Router 
Response in Router= ResponsePrimitive [responseStatusCode=2001,
 content=org.eclipse.om2m.commons.resource.ContentInstance@94fb691,
 to=admin:admin,
 from=/mn-cse,
 location=/mn-cse/cin-543759667,
 ]
[2016-04-05 20:11:50,642 INFO] - org.eclipse.om2m.core.router.Router 
Received request in Router: RequestPrimitive [operation=1,
 from=admin:admin,
 resourceType=4,
 content=org.eclipse.om2m.commons.resource.ContentInstance@a40204,
 targetId=/mn-cse/mn-name/LAMP_0/DATA,
 returnContentType=application/obj,
 requestContentType=application/obj]
[2016-04-05 20:11:50,648 INFO] - org.eclipse.om2m.core.router.Router 
ResourceController [ContentInstanceController]
[2016-04-05 20:11:50,675 INFO] - org.eclipse.om2m.core.router.Router 
Response in Router= ResponsePrimitive [responseStatusCode=2001,
 content=org.eclipse.om2m.commons.resource.ContentInstance@5fa8d4a4,
 to=admin:admin,
 from=/mn-cse,
 location=/mn-cse/cin-162808582,
 ]
[2016-04-05 20:11:50,677 INFO] - org.eclipse.om2m.core.router.Router 
Received request in Router: RequestPrimitive [operation=1,
 from=admin:admin,
 resourceType=4,
 content=org.eclipse.om2m.commons.resource.ContentInstance@400b5170,
 targetId=/mn-cse/mn-name/LAMP_1/DATA,
 returnContentType=application/obj,
 requestContentType=application/obj]
[2016-04-05 20:11:50,678 INFO] - org.eclipse.om2m.core.router.Router 
ResourceController [ContentInstanceController]
[2016-04-05 20:11:50,708 INFO] - org.eclipse.om2m.core.router.Router 
Response in Router= ResponsePrimitive [responseStatusCode=2001,
 content=org.eclipse.om2m.commons.resource.ContentInstance@3524aae9,
 to=admin:admin,
 from=/mn-cse,
 location=/mn-cse/cin-132527724,
 ]
[2016-04-05 20:11:58,925 INFO] - org.eclipse.om2m.core.router.Router 
Received request in Router: RequestPrimitive [operation=1,
 from=admin:admin,
 resourceType=4,
 content=org.eclipse.om2m.commons.resource.ContentInstance@13870491,
 targetId=/mn-cse/mn-name/LAMP_0/DATA,
 returnContentType=application/obj,
 requestContentType=application/obj]
[2016-04-05 20:11:58,927 INFO] - org.eclipse.om2m.core.router.Router 
ResourceController [ContentInstanceController]
[2016-04-05 20:11:58,949 INFO] - org.eclipse.om2m.core.router.Router 
Response in Router= ResponsePrimitive [responseStatusCode=2001,
 content=org.eclipse.om2m.commons.resource.ContentInstance@21feae5a,
 to=admin:admin,
 from=/mn-cse,
 location=/mn-cse/cin-58082650,
 ]
[2016-04-05 20:11:59,441 INFO] - org.eclipse.om2m.core.router.Router 
Received request in Router: RequestPrimitive [operation=1,
 from=admin:admin,
 resourceType=4,
 content=org.eclipse.om2m.commons.resource.ContentInstance@2cb145c,
 targetId=/mn-cse/mn-name/LAMP_0/DATA,
 returnContentType=application/obj,
 requestContentType=application/obj]
[2016-04-05 20:11:59,445 INFO] - org.eclipse.om2m.core.router.Router 
ResourceController [ContentInstanceController]
[2016-04-05 20:11:59,478 INFO] - org.eclipse.om2m.core.router.Router 
Response in Router= ResponsePrimitive [responseStatusCode=2001,
 content=org.eclipse.om2m.commons.resource.ContentInstance@7742aba3,
 to=admin:admin,
 from=/mn-cse,
 location=/mn-cse/cin-737038003,
 ]
[2016-04-05 20:11:59,899 INFO] - org.eclipse.om2m.core.router.Router 
Received request in Router: RequestPrimitive [operation=1,
 from=admin:admin,
 resourceType=4,
 content=org.eclipse.om2m.commons.resource.ContentInstance@16c67803,
 targetId=/mn-cse/mn-name/LAMP_1/DATA,
 returnContentType=application/obj,
 requestContentType=application/obj]
[2016-04-05 20:11:59,901 INFO] - org.eclipse.om2m.core.router.Router 
ResourceController [ContentInstanceController]
[2016-04-05 20:11:59,925 INFO] - org.eclipse.om2m.core.router.Router 
Response in Router= ResponsePrimitive [responseStatusCode=2001,
 content=org.eclipse.om2m.commons.resource.ContentInstance@2ac922ed,
 to=admin:admin,
 from=/mn-cse,
 location=/mn-cse/cin-109477573,
 ]
[2016-04-05 20:12:00,332 INFO] - org.eclipse.om2m.core.router.Router 
Received request in Router: RequestPrimitive [operation=1,
 from=admin:admin,
 resourceType=4,
 content=org.eclipse.om2m.commons.resource.ContentInstance@7d986148,
 targetId=/mn-cse/mn-name/LAMP_1/DATA,
 returnContentType=application/obj,
 requestContentType=application/obj]
[2016-04-05 20:12:00,334 INFO] - org.eclipse.om2m.core.router.Router 
ResourceController [ContentInstanceController]
[2016-04-05 20:12:00,400 INFO] - org.eclipse.om2m.core.router.Router 
Response in Router= ResponsePrimitive [responseStatusCode=2001,
 content=org.eclipse.om2m.commons.resource.ContentInstance@ff87f10,
 to=admin:admin,
 from=/mn-cse,
 location=/mn-cse/cin-793911146,
 ]
[2016-04-05 20:12:07,755 INFO] - org.eclipse.om2m.core.router.Router 
Received request in Router: RequestPrimitive [operation=1,
 from=admin:admin,
 resourceType=4,
 content=org.eclipse.om2m.commons.resource.ContentInstance@39657f8b,
 targetId=/mn-cse/mn-name/LAMP_1/DATA,
 returnContentType=application/obj,
 requestContentType=application/obj]
[2016-04-05 20:12:07,756 INFO] - org.eclipse.om2m.core.router.Router 
ResourceController [ContentInstanceController]
[2016-04-05 20:12:07,774 INFO] - org.eclipse.om2m.core.router.Router 
Response in Router= ResponsePrimitive [responseStatusCode=2001,
 content=org.eclipse.om2m.commons.resource.ContentInstance@5201fa4b,
 to=admin:admin,
 from=/mn-cse,
 location=/mn-cse/cin-28901674,
 ]
